2025-08-03 17:32:23,828 - INFO - Use pytorch device_name: cpu
2025-08-03 17:32:23,828 - INFO - Load pretrained SentenceTransformer: all-MiniLM-L6-v2
2025-08-03 17:32:23,828 - INFO - Use pytorch device_name: cpu
2025-08-03 17:32:23,828 - INFO - Load pretrained SentenceTransformer: all-MiniLM-L6-v2
2025-08-03 17:32:23,836 - INFO - Use pytorch device_name: cpu
2025-08-03 17:32:23,837 - INFO - Load pretrained SentenceTransformer: all-MiniLM-L6-v2
2025-08-03 17:32:23,847 - INFO - Use pytorch device_name: cpu
2025-08-03 17:32:23,847 - INFO - Load pretrained SentenceTransformer: all-MiniLM-L6-v2
2025-08-03 17:32:23,848 - INFO - Use pytorch device_name: cpu
2025-08-03 17:32:23,848 - INFO - Load pretrained SentenceTransformer: all-MiniLM-L6-v2
2025-08-03 17:32:28,091 - WARNING -  * Debugger is active!
2025-08-03 17:32:28,091 - WARNING -  * Debugger is active!
2025-08-03 17:32:28,107 - INFO - [31m[1mWARNING: This is a development server. Do not use it in a production deployment. Use a production WSGI server instead.[0m
 * Running on http://127.0.0.1:5000
2025-08-03 17:32:28,107 - INFO - [33mPress CTRL+C to quit[0m
2025-08-03 17:32:28,107 - INFO -  * Debugger PIN: 115-731-716
2025-08-03 17:32:28,107 - INFO -  * Debugger PIN: 115-731-716
2025-08-03 17:32:28,127 - INFO -  * Restarting with watchdog (windowsapi)
2025-08-03 17:32:28,188 - WARNING -  * Debugger is active!
2025-08-03 17:32:28,194 - INFO -  * Debugger PIN: 115-731-716
2025-08-03 17:32:28,212 - WARNING -  * Debugger is active!
2025-08-03 17:32:28,219 - INFO -  * Debugger PIN: 115-731-716
2025-08-03 17:32:39,127 - INFO - Use pytorch device_name: cpu
2025-08-03 17:32:39,127 - INFO - Load pretrained SentenceTransformer: all-MiniLM-L6-v2
2025-08-03 17:32:41,920 - WARNING -  * Debugger is active!
2025-08-03 17:32:41,926 - INFO -  * Debugger PIN: 115-731-716
2025-08-03 17:33:38,164 - INFO - Use pytorch device_name: cpu
2025-08-03 17:33:38,165 - INFO - Load pretrained SentenceTransformer: all-MiniLM-L6-v2
2025-08-03 17:33:41,543 - INFO - [31m[1mWARNING: This is a development server. Do not use it in a production deployment. Use a production WSGI server instead.[0m
 * Running on http://127.0.0.1:5000
2025-08-03 17:33:41,543 - INFO - [33mPress CTRL+C to quit[0m
2025-08-03 17:33:41,558 - INFO -  * Restarting with watchdog (windowsapi)
2025-08-03 17:33:53,714 - INFO - Use pytorch device_name: cpu
2025-08-03 17:33:53,715 - INFO - Load pretrained SentenceTransformer: all-MiniLM-L6-v2
2025-08-03 17:33:56,787 - WARNING -  * Debugger is active!
2025-08-03 17:33:56,792 - INFO -  * Debugger PIN: 115-731-716
2025-08-03 18:08:35,412 - INFO -  * Detected change in 'c:\\Users\\Prajwal\\AppData\\Local\\Programs\\Python\\Python311\\Lib\\logging\\__init__.py', reloading
2025-08-03 18:08:35,417 - INFO -  * Detected change in 'c:\\Users\\Prajwal\\AppData\\Local\\Programs\\Python\\Python311\\Lib\\logging\\__init__.py', reloading
2025-08-03 18:08:35,420 - INFO -  * Detected change in 'c:\\Users\\Prajwal\\AppData\\Local\\Programs\\Python\\Python311\\Lib\\logging\\__init__.py', reloading
2025-08-03 18:08:43,573 - INFO -  * Restarting with watchdog (windowsapi)
2025-08-03 18:08:43,996 - INFO -  * Restarting with watchdog (windowsapi)
2025-08-03 18:09:03,519 - INFO - Use pytorch device_name: cpu
2025-08-03 18:09:03,519 - INFO - Load pretrained SentenceTransformer: all-MiniLM-L6-v2
2025-08-03 18:09:03,522 - INFO - Use pytorch device_name: cpu
2025-08-03 18:09:03,522 - INFO - Load pretrained SentenceTransformer: all-MiniLM-L6-v2
2025-08-03 18:09:03,526 - INFO - Use pytorch device_name: cpu
2025-08-03 18:09:03,527 - INFO - Load pretrained SentenceTransformer: all-MiniLM-L6-v2
2025-08-03 18:09:03,533 - INFO - Use pytorch device_name: cpu
2025-08-03 18:09:03,533 - INFO - Load pretrained SentenceTransformer: all-MiniLM-L6-v2
2025-08-03 18:09:07,878 - WARNING -  * Debugger is active!
2025-08-03 18:09:07,894 - WARNING -  * Debugger is active!
2025-08-03 18:09:07,897 - INFO -  * Debugger PIN: 115-731-716
2025-08-03 18:09:07,898 - WARNING -  * Debugger is active!
2025-08-03 18:09:07,901 - INFO -  * Debugger PIN: 115-731-716
2025-08-03 18:09:07,904 - INFO -  * Debugger PIN: 115-731-716
2025-08-03 18:09:08,025 - WARNING -  * Debugger is active!
2025-08-03 18:09:08,030 - INFO -  * Debugger PIN: 115-731-716
2025-08-03 18:09:10,688 - INFO - Use pytorch device_name: cpu
2025-08-03 18:09:10,688 - INFO - Load pretrained SentenceTransformer: all-MiniLM-L6-v2
2025-08-03 18:09:13,620 - INFO - [31m[1mWARNING: This is a development server. Do not use it in a production deployment. Use a production WSGI server instead.[0m
 * Running on http://127.0.0.1:5000
2025-08-03 18:09:13,620 - INFO - [33mPress CTRL+C to quit[0m
2025-08-03 18:09:13,629 - INFO -  * Restarting with watchdog (windowsapi)
2025-08-03 18:10:03,071 - INFO - Use pytorch device_name: cpu
2025-08-03 18:10:03,072 - INFO - Load pretrained SentenceTransformer: all-MiniLM-L6-v2
2025-08-03 18:10:06,415 - INFO - [31m[1mWARNING: This is a development server. Do not use it in a production deployment. Use a production WSGI server instead.[0m
 * Running on http://127.0.0.1:5000
2025-08-03 18:10:06,415 - INFO - [33mPress CTRL+C to quit[0m
2025-08-03 18:10:06,429 - INFO -  * Restarting with watchdog (windowsapi)
2025-08-03 18:10:16,152 - INFO - Use pytorch device_name: cpu
2025-08-03 18:10:16,152 - INFO - Load pretrained SentenceTransformer: all-MiniLM-L6-v2
2025-08-03 18:10:18,919 - WARNING -  * Debugger is active!
2025-08-03 18:10:18,926 - INFO -  * Debugger PIN: 115-731-716
2025-08-03 18:11:27,923 - INFO - 127.0.0.1 - - [03/Aug/2025 18:11:27] "GET / HTTP/1.1" 200 -
2025-08-03 18:11:43,790 - INFO - 20 keywords extracted from JD
2025-08-03 18:11:43,792 - INFO - 127.0.0.1 - - [03/Aug/2025 18:11:43] "[32mPOST / HTTP/1.1[0m" 302 -
2025-08-03 18:11:43,800 - INFO - 127.0.0.1 - - [03/Aug/2025 18:11:43] "GET / HTTP/1.1" 200 -
2025-08-03 18:12:28,972 - ERROR - Analysis failed: 'Format' object has no attribute 'set_type'
2025-08-03 18:12:28,974 - INFO - 127.0.0.1 - - [03/Aug/2025 18:12:28] "[32mPOST / HTTP/1.1[0m" 302 -
2025-08-03 18:12:28,981 - INFO - 127.0.0.1 - - [03/Aug/2025 18:12:28] "GET / HTTP/1.1" 200 -
2025-08-03 18:12:36,125 - INFO - 127.0.0.1 - - [03/Aug/2025 18:12:36] "POST / HTTP/1.1" 200 -
2025-08-03 18:13:02,478 - INFO - 20 keywords extracted from JD
2025-08-03 18:13:02,479 - INFO - 127.0.0.1 - - [03/Aug/2025 18:13:02] "[32mPOST / HTTP/1.1[0m" 302 -
2025-08-03 18:13:02,483 - INFO - 127.0.0.1 - - [03/Aug/2025 18:13:02] "GET / HTTP/1.1" 200 -
2025-08-03 18:13:33,996 - ERROR - Analysis failed: 'Format' object has no attribute 'set_type'
2025-08-03 18:13:33,998 - INFO - 127.0.0.1 - - [03/Aug/2025 18:13:33] "[32mPOST / HTTP/1.1[0m" 302 -
2025-08-03 18:13:34,005 - INFO - 127.0.0.1 - - [03/Aug/2025 18:13:34] "GET / HTTP/1.1" 200 -
2025-08-03 18:15:11,711 - INFO - Use pytorch device_name: cpu
2025-08-03 18:15:11,711 - INFO - Load pretrained SentenceTransformer: all-MiniLM-L6-v2
2025-08-03 18:15:14,826 - INFO - [31m[1mWARNING: This is a development server. Do not use it in a production deployment. Use a production WSGI server instead.[0m
 * Running on http://127.0.0.1:5000
2025-08-03 18:15:14,826 - INFO - [33mPress CTRL+C to quit[0m
2025-08-03 18:15:14,841 - INFO -  * Restarting with watchdog (windowsapi)
2025-08-03 18:15:23,678 - INFO - Use pytorch device_name: cpu
2025-08-03 18:15:23,678 - INFO - Load pretrained SentenceTransformer: all-MiniLM-L6-v2
2025-08-03 18:15:26,253 - WARNING -  * Debugger is active!
2025-08-03 18:15:26,257 - INFO -  * Debugger PIN: 115-731-716
